app/build/intermediates/manifest_merge_blame_file/debug/manifest-merger-blame-debug-report.txt
1<?xml version="1.0" encoding="utf-8"?>
2<manifest xmlns:android="http://schemas.android.com/apk/res/android"
3    package="com.example.securesign"
4    android:versionCode="1"
5    android:versionName="1.0" >
6
7    <uses-sdk
8        android:minSdkVersion="23"
8-->src\main\AndroidManifest.xml
9        android:targetSdkVersion="30" />
9-->src\main\AndroidManifest.xml
10
11    <application
11-->src\main\AndroidManifest.xml:5:5-31:19
12        android:allowBackup="true"
12-->src\main\AndroidManifest.xml:6:9-35
13        android:appComponentFactory="androidx.core.app.CoreComponentFactory"
13-->[androidx.core:core:1.3.1] AndroidManifest.xml:24:18-86
14        android:debuggable="true"
15        android:extractNativeLibs="false"
16        android:icon="@mipmap/ic_launcher"
16-->src\main\AndroidManifest.xml:7:9-43
17        android:label="@string/app_name"
17-->src\main\AndroidManifest.xml:8:9-41
18        android:roundIcon="@mipmap/ic_launcher_round"
18-->src\main\AndroidManifest.xml:9:9-54
19        android:supportsRtl="true"
19-->src\main\AndroidManifest.xml:10:9-35
20        android:testOnly="true"
21        android:theme="@style/AppTheme" >
21-->src\main\AndroidManifest.xml:11:9-40
22        <activity android:name="com.example.securesign.ActivityRvTrJornadas" />
22-->src\main\AndroidManifest.xml:12:9-67
22-->src\main\AndroidManifest.xml:12:19-55
23        <activity android:name="com.example.securesign.ActivityRecycledJndWorkers" />
23-->src\main\AndroidManifest.xml:13:9-64
23-->src\main\AndroidManifest.xml:13:19-61
24        <activity android:name="com.example.securesign.ActivityWorker" />
24-->src\main\AndroidManifest.xml:14:9-52
24-->src\main\AndroidManifest.xml:14:19-49
25        <activity android:name="com.example.securesign.ActivityRecycledWorkers" />
25-->src\main\AndroidManifest.xml:15:9-61
25-->src\main\AndroidManifest.xml:15:19-58
26        <activity android:name="com.example.securesign.ActivitySeason" />
26-->src\main\AndroidManifest.xml:16:9-52
26-->src\main\AndroidManifest.xml:16:19-49
27        <activity android:name="com.example.securesign.ActivityRecycledSeasons" />
27-->src\main\AndroidManifest.xml:17:9-61
27-->src\main\AndroidManifest.xml:17:19-58
28        <activity android:name="com.example.securesign.ActivityNewWorker" />
28-->src\main\AndroidManifest.xml:18:9-55
28-->src\main\AndroidManifest.xml:18:19-52
29        <activity android:name="com.example.securesign.ActivityNewSeason" />
29-->src\main\AndroidManifest.xml:19:9-55
29-->src\main\AndroidManifest.xml:19:19-52
30        <activity android:name="com.example.securesign.ActivityActiveSeasons" />
30-->src\main\AndroidManifest.xml:20:9-59
30-->src\main\AndroidManifest.xml:20:19-56
31        <activity android:name="com.example.securesign.ActivityMenu" />
31-->src\main\AndroidManifest.xml:21:9-50
31-->src\main\AndroidManifest.xml:21:19-47
32        <activity android:name="com.example.securesign.ActivitySignIn" />
32-->src\main\AndroidManifest.xml:22:9-52
32-->src\main\AndroidManifest.xml:22:19-49
33        <activity android:name="com.example.securesign.MainActivity" />
33-->src\main\AndroidManifest.xml:23:9-50
33-->src\main\AndroidManifest.xml:23:19-47
34        <activity android:name="com.example.securesign.ActivitySplashScreen" >
34-->src\main\AndroidManifest.xml:24:9-30:20
34-->src\main\AndroidManifest.xml:24:19-55
35            <intent-filter>
35-->src\main\AndroidManifest.xml:25:13-29:29
36                <action android:name="android.intent.action.MAIN" />
36-->src\main\AndroidManifest.xml:26:17-69
36-->src\main\AndroidManifest.xml:26:25-66
37
38                <category android:name="android.intent.category.LAUNCHER" />
38-->src\main\AndroidManifest.xml:28:17-77
38-->src\main\AndroidManifest.xml:28:27-74
39            </intent-filter>
40        </activity>
41    </application>
42
43</manifest>